<?xml version="1.0" encoding="UTF-8"?>
<!-- Generated by org.testng.reporters.JUnitReportReporter -->
<testsuite hostname="Manjunath" failures="0" tests="4" name="api.test.UserTests2" time="13.493" errors="0" timestamp="2024-07-21T16:41:59 IST" skipped="0">
  <testcase classname="api.test.UserTests2" name="testPostUser" time="7.360"/>
  <testcase classname="api.test.UserTests2" name="testGetUserByName" time="1.660"/>
  <testcase classname="api.test.UserTests2" name="testUpdateUserByName" time="2.946"/>
  <testcase classname="api.test.UserTests2" name="testDeleteUserByName" time="1.527"/>
</testsuite> <!-- api.test.UserTests2 -->
