<?xml version="1.0" encoding="UTF-8"?>
<!-- Generated by org.testng.reporters.JUnitReportReporter -->
<testsuite hostname="Manjunath" failures="0" tests="6" name="api.test.DDTests" time="14.507" errors="0" timestamp="2024-07-21T15:47:41 IST" skipped="0">
  <testcase classname="api.test.DDTests" name="testPostuser" time="1.526"/>
  <testcase classname="api.test.DDTests" name="testPostuser" time="6.794"/>
  <testcase classname="api.test.DDTests" name="testPostuser" time="1.654"/>
  <testcase classname="api.test.DDTests" name="testDeleteUserByName" time="1.426"/>
  <testcase classname="api.test.DDTests" name="testDeleteUserByName" time="1.573"/>
  <testcase classname="api.test.DDTests" name="testDeleteUserByName" time="1.534"/>
</testsuite> <!-- api.test.DDTests -->
