<?xml version="1.0" encoding="UTF-8"?>
<!-- Generated by org.testng.reporters.JUnitReportReporter -->
<testsuite hostname="Manjunath" failures="0" tests="4" name="api.test.UserTests" time="12.955" errors="0" timestamp="2024-07-21T16:22:41 IST" skipped="0">
  <testcase classname="api.test.UserTests" name="testPostUser" time="7.198"/>
  <testcase classname="api.test.UserTests" name="testGetUserByName" time="1.574"/>
  <testcase classname="api.test.UserTests" name="testUpdateUserByName" time="2.846"/>
  <testcase classname="api.test.UserTests" name="testDeleteUserByName" time="1.337"/>
</testsuite> <!-- api.test.UserTests -->
